Using pre-set license
Built from '2020.3/staging' branch; Version is '2020.3.10f1 (297d780c91bc) revision 2719096'; Using compiler version '192528614'; Build Type 'Release'
OS: 'Windows 10 Enterprise; OS build 18362.356; Version 1903; 64bit' Language: 'ru' Physical Memory: 12225 MB
BatchMode: 1, IsHumanControllingUs: 0, StartBugReporterOnCrash: 0, Is64bit: 1, IsPro: 0

 COMMAND LINE ARGUMENTS:
G:\Unity\Unity\2020.3.10f1\Editor\Unity.exe
-adb2
-batchMode
-noUpm
-name
AssetImportWorker0
-projectPath
G:/Unity/Projects/Anti-fraund alarm system 2D
-logFile
Logs/AssetImportWorker0.log
-srvPort
61259
Successfully changed project path to: G:/Unity/Projects/Anti-fraund alarm system 2D
G:/Unity/Projects/Anti-fraund alarm system 2D
Using Asset Import Pipeline V2.
Refreshing native plugins compatible for Editor in 47.07 ms, found 3 plugins.
Preloading 0 native plugins for Editor in 0.00 ms.
Initialize engine version: 2020.3.10f1 (297d780c91bc)
[Subsystems] Discovering subsystems at path G:/Unity/Unity/2020.3.10f1/Editor/Data/Resources/UnitySubsystems
[Subsystems] Discovering subsystems at path G:/Unity/Projects/Anti-fraund alarm system 2D/Assets
GfxDevice: creating device client; threaded=0
Direct3D:
    Version:  Direct3D 11.0 [level 11.1]
    Renderer: NVIDIA GeForce GTX 1060 6GB (ID=0x1c03)
    Vendor:   
    VRAM:     6052 MB
    Driver:   27.21.14.6079
Initialize mono
Mono path[0] = 'G:/Unity/Unity/2020.3.10f1/Editor/Data/Managed'
Mono path[1] = 'G:/Unity/Unity/2020.3.10f1/Editor/Data/MonoBleedingEdge/lib/mono/unityjit'
Mono config path = 'G:/Unity/Unity/2020.3.10f1/Editor/Data/MonoBleedingEdge/etc'
Using monoOptions --debugger-agent=transport=dt_socket,embedding=1,server=y,suspend=n,address=127.0.0.1:56764
Begin MonoManager ReloadAssembly
Registering precompiled unity dll's ...
Register platform support module: G:/Unity/Unity/2020.3.10f1/Editor/Data/PlaybackEngines/WindowsStandaloneSupport/UnityEditor.WindowsStandalone.Extensions.dll
Registered in 0.001134 seconds.
Native extension for WindowsStandalone target not found
Refreshing native plugins compatible for Editor in 47.43 ms, found 3 plugins.
Preloading 0 native plugins for Editor in 0.00 ms.
Mono: successfully reloaded assembly
- Completed reload, in  1.173 seconds
Platform modules already initialized, skipping
Registering precompiled user dll's ...
Registered in 0.004438 seconds.
Begin MonoManager ReloadAssembly
Native extension for WindowsStandalone target not found
Refreshing native plugins compatible for Editor in 47.94 ms, found 3 plugins.
Preloading 0 native plugins for Editor in 0.00 ms.
Mono: successfully reloaded assembly
- Completed reload, in  1.382 seconds
Platform modules already initialized, skipping
========================================================================
Worker process is ready to serve import requests
Launched and connected shader compiler UnityShaderCompiler.exe after 0.25 seconds
Refreshing native plugins compatible for Editor in 0.49 ms, found 3 plugins.
Preloading 0 native plugins for Editor in 0.00 ms.
Unloading 2092 Unused Serialized files (Serialized files now loaded: 0)
System memory in use before: 93.3 MB.
System memory in use after: 93.3 MB.

Unloading 35 unused Assets to reduce memory usage. Loaded Objects now: 2529.
Total: 2.434300 ms (FindLiveObjects: 0.199300 ms CreateObjectMapping: 0.090700 ms MarkObjects: 1.972500 ms  DeleteObjects: 0.170500 ms)

========================================================================
Received Import Request.
  path: Assets/Scriptes/AlarmTrigger.cs
  artifactKey: Guid(a136d867f83c2a3469f85ad3b5b10863) Importer(815301076,1909f56bfc062723c751e8b465ee728b)
Start importing Assets/Scriptes/AlarmTrigger.cs using Guid(a136d867f83c2a3469f85ad3b5b10863) Importer(815301076,1909f56bfc062723c751e8b465ee728b)  -> (artifact id: 'e1f98d989e19c15afc2488f27c25b033') in 0.029794 seconds
  Import took 0.033909 seconds .

========================================================================
Received Prepare
Registering precompiled user dll's ...
Registered in 0.003444 seconds.
Begin MonoManager ReloadAssembly
Native extension for WindowsStandalone target not found
Refreshing native plugins compatible for Editor in 0.68 ms, found 3 plugins.
Preloading 0 native plugins for Editor in 0.00 ms.
Mono: successfully reloaded assembly
- Completed reload, in  1.192 seconds
Platform modules already initialized, skipping
Refreshing native plugins compatible for Editor in 0.51 ms, found 3 plugins.
Preloading 0 native plugins for Editor in 0.00 ms.
Unloading 2087 Unused Serialized files (Serialized files now loaded: 0)
System memory in use before: 93.3 MB.
System memory in use after: 93.2 MB.

Unloading 23 unused Assets to reduce memory usage. Loaded Objects now: 2533.
Total: 2.801700 ms (FindLiveObjects: 0.227200 ms CreateObjectMapping: 0.131600 ms MarkObjects: 2.311800 ms  DeleteObjects: 0.129600 ms)

========================================================================
Received Import Request.
  Time since last request: 16.781749 seconds.
  path: Assets/Scriptes/AlarmTrigger.cs
  artifactKey: Guid(a136d867f83c2a3469f85ad3b5b10863) Importer(815301076,1909f56bfc062723c751e8b465ee728b)
Start importing Assets/Scriptes/AlarmTrigger.cs using Guid(a136d867f83c2a3469f85ad3b5b10863) Importer(815301076,1909f56bfc062723c751e8b465ee728b)  -> (artifact id: 'f2f70829537431236eece9c8576b17c5') in 0.008530 seconds
  Import took 0.012654 seconds .

========================================================================
Received Import Request.
  Time since last request: 0.042255 seconds.
  path: Assets/Scriptes/AlarmTrigger.cs
  artifactKey: Guid(a136d867f83c2a3469f85ad3b5b10863) Importer(815301076,1909f56bfc062723c751e8b465ee728b)
Start importing Assets/Scriptes/AlarmTrigger.cs using Guid(a136d867f83c2a3469f85ad3b5b10863) Importer(815301076,1909f56bfc062723c751e8b465ee728b)  -> (artifact id: 'f2f70829537431236eece9c8576b17c5') in 0.004594 seconds
  Import took 0.008359 seconds .

========================================================================
Received Prepare
Registering precompiled user dll's ...
Registered in 0.003913 seconds.
Begin MonoManager ReloadAssembly
Native extension for WindowsStandalone target not found
Refreshing native plugins compatible for Editor in 0.56 ms, found 3 plugins.
Preloading 0 native plugins for Editor in 0.00 ms.
Mono: successfully reloaded assembly
- Completed reload, in  1.214 seconds
Platform modules already initialized, skipping
Refreshing native plugins compatible for Editor in 0.49 ms, found 3 plugins.
Preloading 0 native plugins for Editor in 0.00 ms.
Unloading 2087 Unused Serialized files (Serialized files now loaded: 0)
System memory in use before: 93.3 MB.
System memory in use after: 93.3 MB.

Unloading 23 unused Assets to reduce memory usage. Loaded Objects now: 2537.
Total: 2.400100 ms (FindLiveObjects: 0.191900 ms CreateObjectMapping: 0.088200 ms MarkObjects: 1.998400 ms  DeleteObjects: 0.120600 ms)

========================================================================
Received Import Request.
  Time since last request: 1272.199023 seconds.
  path: Assets/Scriptes/AlarmTrigger.cs
  artifactKey: Guid(a136d867f83c2a3469f85ad3b5b10863) Importer(815301076,1909f56bfc062723c751e8b465ee728b)
Start importing Assets/Scriptes/AlarmTrigger.cs using Guid(a136d867f83c2a3469f85ad3b5b10863) Importer(815301076,1909f56bfc062723c751e8b465ee728b)  -> (artifact id: '77627329b749f970b3378cd8f428d6b8') in 0.012490 seconds
  Import took 0.018774 seconds .

========================================================================
Received Prepare
Registering precompiled user dll's ...
Registered in 0.003395 seconds.
Begin MonoManager ReloadAssembly
Native extension for WindowsStandalone target not found
Refreshing native plugins compatible for Editor in 0.62 ms, found 3 plugins.
Preloading 0 native plugins for Editor in 0.00 ms.
Mono: successfully reloaded assembly
- Completed reload, in  1.192 seconds
Platform modules already initialized, skipping
Refreshing native plugins compatible for Editor in 0.51 ms, found 3 plugins.
Preloading 0 native plugins for Editor in 0.00 ms.
Unloading 2087 Unused Serialized files (Serialized files now loaded: 0)
System memory in use before: 93.3 MB.
System memory in use after: 93.3 MB.

Unloading 23 unused Assets to reduce memory usage. Loaded Objects now: 2541.
Total: 2.773300 ms (FindLiveObjects: 0.299100 ms CreateObjectMapping: 0.139800 ms MarkObjects: 2.214100 ms  DeleteObjects: 0.119300 ms)

========================================================================
Received Import Request.
  Time since last request: 37.846682 seconds.
  path: Assets/Scriptes/AlarmTrigger.cs
  artifactKey: Guid(a136d867f83c2a3469f85ad3b5b10863) Importer(815301076,1909f56bfc062723c751e8b465ee728b)
Start importing Assets/Scriptes/AlarmTrigger.cs using Guid(a136d867f83c2a3469f85ad3b5b10863) Importer(815301076,1909f56bfc062723c751e8b465ee728b)  -> (artifact id: '19bb539ad1bb20424083bb2aef286d8c') in 0.007571 seconds
  Import took 0.013341 seconds .

========================================================================
Received Prepare
Registering precompiled user dll's ...
Registered in 0.003806 seconds.
Begin MonoManager ReloadAssembly
Native extension for WindowsStandalone target not found
Refreshing native plugins compatible for Editor in 0.62 ms, found 3 plugins.
Preloading 0 native plugins for Editor in 0.00 ms.
Mono: successfully reloaded assembly
- Completed reload, in  1.202 seconds
Platform modules already initialized, skipping
Refreshing native plugins compatible for Editor in 0.54 ms, found 3 plugins.
Preloading 0 native plugins for Editor in 0.00 ms.
Unloading 2087 Unused Serialized files (Serialized files now loaded: 0)
System memory in use before: 93.3 MB.
System memory in use after: 93.3 MB.

Unloading 23 unused Assets to reduce memory usage. Loaded Objects now: 2545.
Total: 3.101700 ms (FindLiveObjects: 0.235600 ms CreateObjectMapping: 0.150800 ms MarkObjects: 2.591100 ms  DeleteObjects: 0.123200 ms)

========================================================================
Received Prepare
Registering precompiled user dll's ...
Registered in 0.003671 seconds.
Begin MonoManager ReloadAssembly
Native extension for WindowsStandalone target not found
Refreshing native plugins compatible for Editor in 0.56 ms, found 3 plugins.
Preloading 0 native plugins for Editor in 0.00 ms.
Mono: successfully reloaded assembly
- Completed reload, in  1.218 seconds
Platform modules already initialized, skipping
Refreshing native plugins compatible for Editor in 0.60 ms, found 3 plugins.
Preloading 0 native plugins for Editor in 0.00 ms.
Unloading 2087 Unused Serialized files (Serialized files now loaded: 0)
System memory in use before: 93.4 MB.
System memory in use after: 93.4 MB.

Unloading 23 unused Assets to reduce memory usage. Loaded Objects now: 2549.
Total: 3.836100 ms (FindLiveObjects: 0.283200 ms CreateObjectMapping: 0.145700 ms MarkObjects: 3.258300 ms  DeleteObjects: 0.147300 ms)

========================================================================
Received Prepare
Registering precompiled user dll's ...
Registered in 0.004787 seconds.
Begin MonoManager ReloadAssembly
Native extension for WindowsStandalone target not found
Refreshing native plugins compatible for Editor in 0.60 ms, found 3 plugins.
Preloading 0 native plugins for Editor in 0.00 ms.
Mono: successfully reloaded assembly
- Completed reload, in  1.150 seconds
Platform modules already initialized, skipping
Refreshing native plugins compatible for Editor in 0.60 ms, found 3 plugins.
Preloading 0 native plugins for Editor in 0.00 ms.
Unloading 2087 Unused Serialized files (Serialized files now loaded: 0)
System memory in use before: 93.4 MB.
System memory in use after: 93.4 MB.

Unloading 23 unused Assets to reduce memory usage. Loaded Objects now: 2553.
Total: 2.612900 ms (FindLiveObjects: 0.200400 ms CreateObjectMapping: 0.090100 ms MarkObjects: 2.172300 ms  DeleteObjects: 0.149000 ms)

========================================================================
Received Prepare
Registering precompiled user dll's ...
Registered in 0.004405 seconds.
Begin MonoManager ReloadAssembly
Native extension for WindowsStandalone target not found
Refreshing native plugins compatible for Editor in 0.48 ms, found 3 plugins.
Preloading 0 native plugins for Editor in 0.00 ms.
Mono: successfully reloaded assembly
- Completed reload, in  1.160 seconds
Platform modules already initialized, skipping
Refreshing native plugins compatible for Editor in 0.49 ms, found 3 plugins.
Preloading 0 native plugins for Editor in 0.00 ms.
Unloading 2087 Unused Serialized files (Serialized files now loaded: 0)
System memory in use before: 93.4 MB.
System memory in use after: 93.4 MB.

Unloading 23 unused Assets to reduce memory usage. Loaded Objects now: 2557.
Total: 2.683400 ms (FindLiveObjects: 0.196800 ms CreateObjectMapping: 0.086800 ms MarkObjects: 2.266200 ms  DeleteObjects: 0.132200 ms)

========================================================================
Received Prepare
Registering precompiled user dll's ...
Registered in 0.003313 seconds.
Begin MonoManager ReloadAssembly
Native extension for WindowsStandalone target not found
Refreshing native plugins compatible for Editor in 0.57 ms, found 3 plugins.
Preloading 0 native plugins for Editor in 0.00 ms.
Mono: successfully reloaded assembly
- Completed reload, in  1.312 seconds
Platform modules already initialized, skipping
Refreshing native plugins compatible for Editor in 0.64 ms, found 3 plugins.
Preloading 0 native plugins for Editor in 0.00 ms.
Unloading 2087 Unused Serialized files (Serialized files now loaded: 0)
System memory in use before: 93.4 MB.
System memory in use after: 93.4 MB.

Unloading 23 unused Assets to reduce memory usage. Loaded Objects now: 2561.
Total: 2.965900 ms (FindLiveObjects: 0.256100 ms CreateObjectMapping: 0.162800 ms MarkObjects: 2.416100 ms  DeleteObjects: 0.129900 ms)

========================================================================
Received Prepare
Registering precompiled user dll's ...
Registered in 0.003471 seconds.
Begin MonoManager ReloadAssembly
Native extension for WindowsStandalone target not found
Refreshing native plugins compatible for Editor in 0.51 ms, found 3 plugins.
Preloading 0 native plugins for Editor in 0.00 ms.
Mono: successfully reloaded assembly
- Completed reload, in  1.197 seconds
Platform modules already initialized, skipping
Refreshing native plugins compatible for Editor in 0.52 ms, found 3 plugins.
Preloading 0 native plugins for Editor in 0.00 ms.
Unloading 2087 Unused Serialized files (Serialized files now loaded: 0)
System memory in use before: 93.4 MB.
System memory in use after: 93.4 MB.

Unloading 23 unused Assets to reduce memory usage. Loaded Objects now: 2565.
Total: 2.505100 ms (FindLiveObjects: 0.204400 ms CreateObjectMapping: 0.087100 ms MarkObjects: 2.063500 ms  DeleteObjects: 0.149100 ms)

========================================================================
Received Prepare
Registering precompiled user dll's ...
Registered in 0.004936 seconds.
Begin MonoManager ReloadAssembly
Native extension for WindowsStandalone target not found
Refreshing native plugins compatible for Editor in 0.52 ms, found 3 plugins.
Preloading 0 native plugins for Editor in 0.00 ms.
Mono: successfully reloaded assembly
- Completed reload, in  1.159 seconds
Platform modules already initialized, skipping
Refreshing native plugins compatible for Editor in 0.56 ms, found 3 plugins.
Preloading 0 native plugins for Editor in 0.00 ms.
Unloading 2087 Unused Serialized files (Serialized files now loaded: 0)
System memory in use before: 93.4 MB.
System memory in use after: 93.4 MB.

Unloading 23 unused Assets to reduce memory usage. Loaded Objects now: 2569.
Total: 2.598900 ms (FindLiveObjects: 0.201200 ms CreateObjectMapping: 0.089600 ms MarkObjects: 2.156000 ms  DeleteObjects: 0.151000 ms)

========================================================================
Received Prepare
Registering precompiled user dll's ...
Registered in 0.003502 seconds.
Begin MonoManager ReloadAssembly
Native extension for WindowsStandalone target not found
Refreshing native plugins compatible for Editor in 0.56 ms, found 3 plugins.
Preloading 0 native plugins for Editor in 0.00 ms.
Mono: successfully reloaded assembly
- Completed reload, in  1.157 seconds
Platform modules already initialized, skipping
Refreshing native plugins compatible for Editor in 0.51 ms, found 3 plugins.
Preloading 0 native plugins for Editor in 0.00 ms.
Unloading 2087 Unused Serialized files (Serialized files now loaded: 0)
System memory in use before: 93.4 MB.
System memory in use after: 93.4 MB.

Unloading 23 unused Assets to reduce memory usage. Loaded Objects now: 2573.
Total: 2.464500 ms (FindLiveObjects: 0.192800 ms CreateObjectMapping: 0.090400 ms MarkObjects: 2.061200 ms  DeleteObjects: 0.118800 ms)

========================================================================
Received Prepare
Registering precompiled user dll's ...
Registered in 0.003650 seconds.
Begin MonoManager ReloadAssembly
Native extension for WindowsStandalone target not found
Refreshing native plugins compatible for Editor in 0.52 ms, found 3 plugins.
Preloading 0 native plugins for Editor in 0.00 ms.
Mono: successfully reloaded assembly
- Completed reload, in  1.143 seconds
Platform modules already initialized, skipping
Refreshing native plugins compatible for Editor in 0.51 ms, found 3 plugins.
Preloading 0 native plugins for Editor in 0.00 ms.
Unloading 2087 Unused Serialized files (Serialized files now loaded: 0)
System memory in use before: 93.5 MB.
System memory in use after: 93.4 MB.

Unloading 23 unused Assets to reduce memory usage. Loaded Objects now: 2577.
Total: 2.489200 ms (FindLiveObjects: 0.192500 ms CreateObjectMapping: 0.087400 ms MarkObjects: 2.050000 ms  DeleteObjects: 0.158200 ms)

========================================================================
Received Prepare
Registering precompiled user dll's ...
Registered in 0.004486 seconds.
Begin MonoManager ReloadAssembly
Native extension for WindowsStandalone target not found
Refreshing native plugins compatible for Editor in 0.48 ms, found 3 plugins.
Preloading 0 native plugins for Editor in 0.00 ms.
Mono: successfully reloaded assembly
- Completed reload, in  1.156 seconds
Platform modules already initialized, skipping
Refreshing native plugins compatible for Editor in 0.53 ms, found 3 plugins.
Preloading 0 native plugins for Editor in 0.00 ms.
Unloading 2087 Unused Serialized files (Serialized files now loaded: 0)
System memory in use before: 93.5 MB.
System memory in use after: 93.4 MB.

Unloading 23 unused Assets to reduce memory usage. Loaded Objects now: 2581.
Total: 2.657300 ms (FindLiveObjects: 0.358100 ms CreateObjectMapping: 0.102700 ms MarkObjects: 2.064000 ms  DeleteObjects: 0.131400 ms)

========================================================================
Received Prepare
Registering precompiled user dll's ...
Registered in 0.003503 seconds.
Begin MonoManager ReloadAssembly
Native extension for WindowsStandalone target not found
Refreshing native plugins compatible for Editor in 0.55 ms, found 3 plugins.
Preloading 0 native plugins for Editor in 0.00 ms.
Mono: successfully reloaded assembly
- Completed reload, in  1.178 seconds
Platform modules already initialized, skipping
Refreshing native plugins compatible for Editor in 0.53 ms, found 3 plugins.
Preloading 0 native plugins for Editor in 0.00 ms.
Unloading 2087 Unused Serialized files (Serialized files now loaded: 0)
System memory in use before: 93.5 MB.
System memory in use after: 93.4 MB.

Unloading 23 unused Assets to reduce memory usage. Loaded Objects now: 2585.
Total: 2.478800 ms (FindLiveObjects: 0.185400 ms CreateObjectMapping: 0.083600 ms MarkObjects: 2.055700 ms  DeleteObjects: 0.153000 ms)

========================================================================
Received Prepare
Registering precompiled user dll's ...
Registered in 0.004532 seconds.
Begin MonoManager ReloadAssembly
Native extension for WindowsStandalone target not found
Refreshing native plugins compatible for Editor in 0.49 ms, found 3 plugins.
Preloading 0 native plugins for Editor in 0.00 ms.
Mono: successfully reloaded assembly
- Completed reload, in  1.171 seconds
Platform modules already initialized, skipping
Refreshing native plugins compatible for Editor in 0.56 ms, found 3 plugins.
Preloading 0 native plugins for Editor in 0.00 ms.
Unloading 2087 Unused Serialized files (Serialized files now loaded: 0)
System memory in use before: 93.5 MB.
System memory in use after: 93.5 MB.

Unloading 23 unused Assets to reduce memory usage. Loaded Objects now: 2589.
Total: 2.619000 ms (FindLiveObjects: 0.211900 ms CreateObjectMapping: 0.089100 ms MarkObjects: 2.186000 ms  DeleteObjects: 0.130800 ms)

========================================================================
Received Prepare
Registering precompiled user dll's ...
Registered in 0.003396 seconds.
Begin MonoManager ReloadAssembly
Native extension for WindowsStandalone target not found
Refreshing native plugins compatible for Editor in 0.56 ms, found 3 plugins.
Preloading 0 native plugins for Editor in 0.00 ms.
Mono: successfully reloaded assembly
- Completed reload, in  1.163 seconds
Platform modules already initialized, skipping
Refreshing native plugins compatible for Editor in 0.52 ms, found 3 plugins.
Preloading 0 native plugins for Editor in 0.00 ms.
Unloading 2087 Unused Serialized files (Serialized files now loaded: 0)
System memory in use before: 93.5 MB.
System memory in use after: 93.5 MB.

Unloading 23 unused Assets to reduce memory usage. Loaded Objects now: 2593.
Total: 3.477500 ms (FindLiveObjects: 0.255400 ms CreateObjectMapping: 0.207300 ms MarkObjects: 2.872000 ms  DeleteObjects: 0.141600 ms)

========================================================================
Received Import Request.
  Time since last request: 1701.124988 seconds.
  path: Assets/Scriptes/AlarmTrigger.cs
  artifactKey: Guid(a136d867f83c2a3469f85ad3b5b10863) Importer(815301076,1909f56bfc062723c751e8b465ee728b)
Start importing Assets/Scriptes/AlarmTrigger.cs using Guid(a136d867f83c2a3469f85ad3b5b10863) Importer(815301076,1909f56bfc062723c751e8b465ee728b)  -> (artifact id: '575909eb5d7fab7fbdb3c4fb001b4031') in 0.009310 seconds
  Import took 0.013481 seconds .

========================================================================
Received Import Request.
  Time since last request: 0.028745 seconds.
  path: Assets/Scriptes/AlarmTrigger.cs
  artifactKey: Guid(a136d867f83c2a3469f85ad3b5b10863) Importer(815301076,1909f56bfc062723c751e8b465ee728b)
Start importing Assets/Scriptes/AlarmTrigger.cs using Guid(a136d867f83c2a3469f85ad3b5b10863) Importer(815301076,1909f56bfc062723c751e8b465ee728b)  -> (artifact id: '575909eb5d7fab7fbdb3c4fb001b4031') in 0.007117 seconds
  Import took 0.011053 seconds .

========================================================================
Received Prepare
Registering precompiled user dll's ...
Registered in 0.003295 seconds.
Begin MonoManager ReloadAssembly
Native extension for WindowsStandalone target not found
Refreshing native plugins compatible for Editor in 0.51 ms, found 3 plugins.
Preloading 0 native plugins for Editor in 0.00 ms.
Mono: successfully reloaded assembly
- Completed reload, in  1.170 seconds
Platform modules already initialized, skipping
Refreshing native plugins compatible for Editor in 0.50 ms, found 3 plugins.
Preloading 0 native plugins for Editor in 0.00 ms.
Unloading 2087 Unused Serialized files (Serialized files now loaded: 0)
System memory in use before: 93.5 MB.
System memory in use after: 93.5 MB.

Unloading 23 unused Assets to reduce memory usage. Loaded Objects now: 2597.
Total: 2.542500 ms (FindLiveObjects: 0.190500 ms CreateObjectMapping: 0.085000 ms MarkObjects: 2.117800 ms  DeleteObjects: 0.148100 ms)

========================================================================
Received Prepare
Registering precompiled user dll's ...
Registered in 0.004490 seconds.
Begin MonoManager ReloadAssembly
Native extension for WindowsStandalone target not found
Refreshing native plugins compatible for Editor in 0.51 ms, found 3 plugins.
Preloading 0 native plugins for Editor in 0.00 ms.
Mono: successfully reloaded assembly
- Completed reload, in  1.156 seconds
Platform modules already initialized, skipping
Refreshing native plugins compatible for Editor in 0.60 ms, found 3 plugins.
Preloading 0 native plugins for Editor in 0.00 ms.
Unloading 2087 Unused Serialized files (Serialized files now loaded: 0)
System memory in use before: 93.5 MB.
System memory in use after: 93.5 MB.

Unloading 23 unused Assets to reduce memory usage. Loaded Objects now: 2601.
Total: 2.704400 ms (FindLiveObjects: 0.256400 ms CreateObjectMapping: 0.091100 ms MarkObjects: 2.228100 ms  DeleteObjects: 0.127500 ms)

========================================================================
Received Prepare
Registering precompiled user dll's ...
Registered in 0.003369 seconds.
Begin MonoManager ReloadAssembly
Native extension for WindowsStandalone target not found
Refreshing native plugins compatible for Editor in 0.54 ms, found 3 plugins.
Preloading 0 native plugins for Editor in 0.00 ms.
Mono: successfully reloaded assembly
- Completed reload, in  1.180 seconds
Platform modules already initialized, skipping
Refreshing native plugins compatible for Editor in 0.67 ms, found 3 plugins.
Preloading 0 native plugins for Editor in 0.00 ms.
Unloading 2087 Unused Serialized files (Serialized files now loaded: 0)
System memory in use before: 93.5 MB.
System memory in use after: 93.5 MB.

Unloading 23 unused Assets to reduce memory usage. Loaded Objects now: 2605.
Total: 2.853000 ms (FindLiveObjects: 0.249300 ms CreateObjectMapping: 0.155500 ms MarkObjects: 2.317200 ms  DeleteObjects: 0.129800 ms)

========================================================================
Received Prepare
Registering precompiled user dll's ...
Registered in 0.003804 seconds.
Begin MonoManager ReloadAssembly
Native extension for WindowsStandalone target not found
Refreshing native plugins compatible for Editor in 0.55 ms, found 3 plugins.
Preloading 0 native plugins for Editor in 0.00 ms.
Mono: successfully reloaded assembly
- Completed reload, in  1.173 seconds
Platform modules already initialized, skipping
Refreshing native plugins compatible for Editor in 0.54 ms, found 3 plugins.
Preloading 0 native plugins for Editor in 0.00 ms.
Unloading 2087 Unused Serialized files (Serialized files now loaded: 0)
System memory in use before: 93.5 MB.
System memory in use after: 93.5 MB.

Unloading 23 unused Assets to reduce memory usage. Loaded Objects now: 2609.
Total: 2.455900 ms (FindLiveObjects: 0.203200 ms CreateObjectMapping: 0.089100 ms MarkObjects: 2.040700 ms  DeleteObjects: 0.121900 ms)

========================================================================
Received Prepare
Registering precompiled user dll's ...
Registered in 0.003929 seconds.
Begin MonoManager ReloadAssembly
Native extension for WindowsStandalone target not found
Refreshing native plugins compatible for Editor in 0.57 ms, found 3 plugins.
Preloading 0 native plugins for Editor in 0.00 ms.
Mono: successfully reloaded assembly
- Completed reload, in  1.192 seconds
Platform modules already initialized, skipping
Refreshing native plugins compatible for Editor in 0.98 ms, found 3 plugins.
Preloading 0 native plugins for Editor in 0.00 ms.
Unloading 2087 Unused Serialized files (Serialized files now loaded: 0)
System memory in use before: 93.5 MB.
System memory in use after: 93.5 MB.

Unloading 23 unused Assets to reduce memory usage. Loaded Objects now: 2613.
Total: 2.930400 ms (FindLiveObjects: 0.245000 ms CreateObjectMapping: 0.234000 ms MarkObjects: 2.298600 ms  DeleteObjects: 0.151700 ms)

========================================================================
Received Prepare
Registering precompiled user dll's ...
Registered in 0.003533 seconds.
Begin MonoManager ReloadAssembly
Native extension for WindowsStandalone target not found
Refreshing native plugins compatible for Editor in 0.50 ms, found 3 plugins.
Preloading 0 native plugins for Editor in 0.00 ms.
Mono: successfully reloaded assembly
- Completed reload, in  1.165 seconds
Platform modules already initialized, skipping
Refreshing native plugins compatible for Editor in 0.56 ms, found 3 plugins.
Preloading 0 native plugins for Editor in 0.00 ms.
Unloading 2087 Unused Serialized files (Serialized files now loaded: 0)
System memory in use before: 93.5 MB.
System memory in use after: 93.5 MB.

Unloading 23 unused Assets to reduce memory usage. Loaded Objects now: 2617.
Total: 2.722500 ms (FindLiveObjects: 0.205800 ms CreateObjectMapping: 0.084700 ms MarkObjects: 2.277400 ms  DeleteObjects: 0.153400 ms)

========================================================================
Received Prepare
Registering precompiled user dll's ...
Registered in 0.003520 seconds.
Begin MonoManager ReloadAssembly
Native extension for WindowsStandalone target not found
Refreshing native plugins compatible for Editor in 0.50 ms, found 3 plugins.
Preloading 0 native plugins for Editor in 0.00 ms.
Mono: successfully reloaded assembly
- Completed reload, in  1.184 seconds
Platform modules already initialized, skipping
Refreshing native plugins compatible for Editor in 0.52 ms, found 3 plugins.
Preloading 0 native plugins for Editor in 0.00 ms.
Unloading 2087 Unused Serialized files (Serialized files now loaded: 0)
System memory in use before: 93.5 MB.
System memory in use after: 93.5 MB.

Unloading 23 unused Assets to reduce memory usage. Loaded Objects now: 2621.
Total: 2.759800 ms (FindLiveObjects: 0.206800 ms CreateObjectMapping: 0.129100 ms MarkObjects: 2.290800 ms  DeleteObjects: 0.131900 ms)

========================================================================
Received Prepare
Registering precompiled user dll's ...
Registered in 0.003347 seconds.
Begin MonoManager ReloadAssembly
Native extension for WindowsStandalone target not found
Refreshing native plugins compatible for Editor in 0.51 ms, found 3 plugins.
Preloading 0 native plugins for Editor in 0.00 ms.
Mono: successfully reloaded assembly
- Completed reload, in  1.176 seconds
Platform modules already initialized, skipping
Refreshing native plugins compatible for Editor in 0.55 ms, found 3 plugins.
Preloading 0 native plugins for Editor in 0.00 ms.
Unloading 2087 Unused Serialized files (Serialized files now loaded: 0)
System memory in use before: 93.6 MB.
System memory in use after: 93.5 MB.

Unloading 23 unused Assets to reduce memory usage. Loaded Objects now: 2625.
Total: 2.555300 ms (FindLiveObjects: 0.198600 ms CreateObjectMapping: 0.087800 ms MarkObjects: 2.117800 ms  DeleteObjects: 0.150000 ms)

========================================================================
Received Prepare
Registering precompiled user dll's ...
Registered in 0.003407 seconds.
Begin MonoManager ReloadAssembly
Native extension for WindowsStandalone target not found
Refreshing native plugins compatible for Editor in 0.52 ms, found 3 plugins.
Preloading 0 native plugins for Editor in 0.00 ms.
Mono: successfully reloaded assembly
- Completed reload, in  1.186 seconds
Platform modules already initialized, skipping
Refreshing native plugins compatible for Editor in 0.52 ms, found 3 plugins.
Preloading 0 native plugins for Editor in 0.00 ms.
Unloading 2087 Unused Serialized files (Serialized files now loaded: 0)
System memory in use before: 93.6 MB.
System memory in use after: 93.5 MB.

Unloading 23 unused Assets to reduce memory usage. Loaded Objects now: 2629.
Total: 2.499700 ms (FindLiveObjects: 0.196800 ms CreateObjectMapping: 0.086600 ms MarkObjects: 2.092900 ms  DeleteObjects: 0.122300 ms)

========================================================================
Received Prepare
Registering precompiled user dll's ...
Registered in 0.003516 seconds.
Begin MonoManager ReloadAssembly
Native extension for WindowsStandalone target not found
Refreshing native plugins compatible for Editor in 0.52 ms, found 3 plugins.
Preloading 0 native plugins for Editor in 0.00 ms.
Mono: successfully reloaded assembly
- Completed reload, in  1.149 seconds
Platform modules already initialized, skipping
Refreshing native plugins compatible for Editor in 0.51 ms, found 3 plugins.
Preloading 0 native plugins for Editor in 0.00 ms.
Unloading 2087 Unused Serialized files (Serialized files now loaded: 0)
System memory in use before: 93.6 MB.
System memory in use after: 93.6 MB.

Unloading 23 unused Assets to reduce memory usage. Loaded Objects now: 2633.
Total: 2.479600 ms (FindLiveObjects: 0.201300 ms CreateObjectMapping: 0.086600 ms MarkObjects: 2.045100 ms  DeleteObjects: 0.145400 ms)

========================================================================
Received Prepare
Registering precompiled user dll's ...
Registered in 0.004842 seconds.
Begin MonoManager ReloadAssembly
Native extension for WindowsStandalone target not found
Refreshing native plugins compatible for Editor in 0.54 ms, found 3 plugins.
Preloading 0 native plugins for Editor in 0.00 ms.
Mono: successfully reloaded assembly
- Completed reload, in  1.168 seconds
Platform modules already initialized, skipping
Refreshing native plugins compatible for Editor in 0.63 ms, found 3 plugins.
Preloading 0 native plugins for Editor in 0.00 ms.
Unloading 2087 Unused Serialized files (Serialized files now loaded: 0)
System memory in use before: 93.6 MB.
System memory in use after: 93.6 MB.

Unloading 23 unused Assets to reduce memory usage. Loaded Objects now: 2637.
Total: 3.174000 ms (FindLiveObjects: 0.207300 ms CreateObjectMapping: 0.087900 ms MarkObjects: 2.724800 ms  DeleteObjects: 0.152700 ms)

========================================================================
Received Prepare
Registering precompiled user dll's ...
Registered in 0.003893 seconds.
Begin MonoManager ReloadAssembly
Native extension for WindowsStandalone target not found
Refreshing native plugins compatible for Editor in 0.50 ms, found 3 plugins.
Preloading 0 native plugins for Editor in 0.00 ms.
Mono: successfully reloaded assembly
- Completed reload, in  1.237 seconds
Platform modules already initialized, skipping
Refreshing native plugins compatible for Editor in 0.51 ms, found 3 plugins.
Preloading 0 native plugins for Editor in 0.00 ms.
Unloading 2087 Unused Serialized files (Serialized files now loaded: 0)
System memory in use before: 93.6 MB.
System memory in use after: 93.6 MB.

Unloading 23 unused Assets to reduce memory usage. Loaded Objects now: 2641.
Total: 2.622700 ms (FindLiveObjects: 0.224100 ms CreateObjectMapping: 0.110800 ms MarkObjects: 2.166300 ms  DeleteObjects: 0.120600 ms)

========================================================================
Received Prepare
Registering precompiled user dll's ...
Registered in 0.003726 seconds.
Begin MonoManager ReloadAssembly
Native extension for WindowsStandalone target not found
Refreshing native plugins compatible for Editor in 0.54 ms, found 3 plugins.
Preloading 0 native plugins for Editor in 0.00 ms.
Mono: successfully reloaded assembly
- Completed reload, in  1.152 seconds
Platform modules already initialized, skipping
Refreshing native plugins compatible for Editor in 0.53 ms, found 3 plugins.
Preloading 0 native plugins for Editor in 0.00 ms.
Unloading 2087 Unused Serialized files (Serialized files now loaded: 0)
System memory in use before: 93.6 MB.
System memory in use after: 93.6 MB.

Unloading 23 unused Assets to reduce memory usage. Loaded Objects now: 2645.
Total: 2.843000 ms (FindLiveObjects: 0.197700 ms CreateObjectMapping: 0.085500 ms MarkObjects: 2.394400 ms  DeleteObjects: 0.164300 ms)

========================================================================
Received Prepare
Registering precompiled user dll's ...
Registered in 0.005336 seconds.
Begin MonoManager ReloadAssembly
Native extension for WindowsStandalone target not found
Refreshing native plugins compatible for Editor in 0.52 ms, found 3 plugins.
Preloading 0 native plugins for Editor in 0.00 ms.
Mono: successfully reloaded assembly
- Completed reload, in  1.158 seconds
Platform modules already initialized, skipping
Refreshing native plugins compatible for Editor in 0.50 ms, found 3 plugins.
Preloading 0 native plugins for Editor in 0.00 ms.
Unloading 2087 Unused Serialized files (Serialized files now loaded: 0)
System memory in use before: 93.6 MB.
System memory in use after: 93.6 MB.

Unloading 23 unused Assets to reduce memory usage. Loaded Objects now: 2649.
Total: 2.611600 ms (FindLiveObjects: 0.278500 ms CreateObjectMapping: 0.090000 ms MarkObjects: 2.075600 ms  DeleteObjects: 0.166500 ms)

========================================================================
Received Prepare
Registering precompiled user dll's ...
Registered in 0.004421 seconds.
Begin MonoManager ReloadAssembly
Native extension for WindowsStandalone target not found
Refreshing native plugins compatible for Editor in 0.48 ms, found 3 plugins.
Preloading 0 native plugins for Editor in 0.00 ms.
Mono: successfully reloaded assembly
- Completed reload, in  1.174 seconds
Platform modules already initialized, skipping
Refreshing native plugins compatible for Editor in 0.51 ms, found 3 plugins.
Preloading 0 native plugins for Editor in 0.00 ms.
Unloading 2087 Unused Serialized files (Serialized files now loaded: 0)
System memory in use before: 93.6 MB.
System memory in use after: 93.6 MB.

Unloading 23 unused Assets to reduce memory usage. Loaded Objects now: 2653.
Total: 2.654700 ms (FindLiveObjects: 0.248000 ms CreateObjectMapping: 0.092100 ms MarkObjects: 2.176000 ms  DeleteObjects: 0.137500 ms)

========================================================================
Received Prepare
Registering precompiled user dll's ...
Registered in 0.003460 seconds.
Begin MonoManager ReloadAssembly
Native extension for WindowsStandalone target not found
Refreshing native plugins compatible for Editor in 0.55 ms, found 3 plugins.
Preloading 0 native plugins for Editor in 0.00 ms.
Mono: successfully reloaded assembly
- Completed reload, in  1.183 seconds
Platform modules already initialized, skipping
Refreshing native plugins compatible for Editor in 0.51 ms, found 3 plugins.
Preloading 0 native plugins for Editor in 0.00 ms.
Unloading 2087 Unused Serialized files (Serialized files now loaded: 0)
System memory in use before: 93.6 MB.
System memory in use after: 93.6 MB.

Unloading 23 unused Assets to reduce memory usage. Loaded Objects now: 2657.
Total: 2.572200 ms (FindLiveObjects: 0.202300 ms CreateObjectMapping: 0.091000 ms MarkObjects: 2.122800 ms  DeleteObjects: 0.154700 ms)

========================================================================
Received Prepare
Registering precompiled user dll's ...
Registered in 0.004350 seconds.
Begin MonoManager ReloadAssembly
Native extension for WindowsStandalone target not found
Refreshing native plugins compatible for Editor in 0.51 ms, found 3 plugins.
Preloading 0 native plugins for Editor in 0.00 ms.
Mono: successfully reloaded assembly
- Completed reload, in  1.190 seconds
Platform modules already initialized, skipping
Refreshing native plugins compatible for Editor in 0.50 ms, found 3 plugins.
Preloading 0 native plugins for Editor in 0.00 ms.
Unloading 2087 Unused Serialized files (Serialized files now loaded: 0)
System memory in use before: 93.6 MB.
System memory in use after: 93.6 MB.

Unloading 23 unused Assets to reduce memory usage. Loaded Objects now: 2661.
Total: 2.521100 ms (FindLiveObjects: 0.203600 ms CreateObjectMapping: 0.092700 ms MarkObjects: 2.072200 ms  DeleteObjects: 0.151500 ms)

========================================================================
Received Prepare
Registering precompiled user dll's ...
Registered in 0.003347 seconds.
Begin MonoManager ReloadAssembly
Native extension for WindowsStandalone target not found
Refreshing native plugins compatible for Editor in 0.53 ms, found 3 plugins.
Preloading 0 native plugins for Editor in 0.00 ms.
Mono: successfully reloaded assembly
- Completed reload, in  1.162 seconds
Platform modules already initialized, skipping
Refreshing native plugins compatible for Editor in 0.50 ms, found 3 plugins.
Preloading 0 native plugins for Editor in 0.00 ms.
Unloading 2087 Unused Serialized files (Serialized files now loaded: 0)
System memory in use before: 93.7 MB.
System memory in use after: 93.6 MB.

Unloading 23 unused Assets to reduce memory usage. Loaded Objects now: 2665.
Total: 2.702500 ms (FindLiveObjects: 0.200500 ms CreateObjectMapping: 0.084400 ms MarkObjects: 2.164600 ms  DeleteObjects: 0.251800 ms)

========================================================================
Received Prepare
Registering precompiled user dll's ...
Registered in 0.003815 seconds.
Begin MonoManager ReloadAssembly
Native extension for WindowsStandalone target not found
Refreshing native plugins compatible for Editor in 0.60 ms, found 3 plugins.
Preloading 0 native plugins for Editor in 0.00 ms.
Mono: successfully reloaded assembly
- Completed reload, in  1.180 seconds
Platform modules already initialized, skipping
Refreshing native plugins compatible for Editor in 0.53 ms, found 3 plugins.
Preloading 0 native plugins for Editor in 0.00 ms.
Unloading 2087 Unused Serialized files (Serialized files now loaded: 0)
System memory in use before: 93.7 MB.
System memory in use after: 93.6 MB.

Unloading 23 unused Assets to reduce memory usage. Loaded Objects now: 2669.
Total: 2.522300 ms (FindLiveObjects: 0.203600 ms CreateObjectMapping: 0.089500 ms MarkObjects: 2.102100 ms  DeleteObjects: 0.125800 ms)

========================================================================
Received Prepare
Registering precompiled user dll's ...
Registered in 0.003550 seconds.
Begin MonoManager ReloadAssembly
Native extension for WindowsStandalone target not found
Refreshing native plugins compatible for Editor in 0.51 ms, found 3 plugins.
Preloading 0 native plugins for Editor in 0.00 ms.
Mono: successfully reloaded assembly
- Completed reload, in  1.160 seconds
Platform modules already initialized, skipping
Refreshing native plugins compatible for Editor in 0.62 ms, found 3 plugins.
Preloading 0 native plugins for Editor in 0.00 ms.
Unloading 2087 Unused Serialized files (Serialized files now loaded: 0)
System memory in use before: 93.7 MB.
System memory in use after: 93.6 MB.

Unloading 23 unused Assets to reduce memory usage. Loaded Objects now: 2673.
Total: 2.450800 ms (FindLiveObjects: 0.221800 ms CreateObjectMapping: 0.106100 ms MarkObjects: 1.972300 ms  DeleteObjects: 0.149600 ms)

========================================================================
Received Prepare
Registering precompiled user dll's ...
Registered in 0.004380 seconds.
Begin MonoManager ReloadAssembly
Native extension for WindowsStandalone target not found
Refreshing native plugins compatible for Editor in 0.53 ms, found 3 plugins.
Preloading 0 native plugins for Editor in 0.00 ms.
Mono: successfully reloaded assembly
- Completed reload, in  1.165 seconds
Platform modules already initialized, skipping
Refreshing native plugins compatible for Editor in 0.53 ms, found 3 plugins.
Preloading 0 native plugins for Editor in 0.00 ms.
Unloading 2087 Unused Serialized files (Serialized files now loaded: 0)
System memory in use before: 93.7 MB.
System memory in use after: 93.7 MB.

Unloading 23 unused Assets to reduce memory usage. Loaded Objects now: 2677.
Total: 2.982500 ms (FindLiveObjects: 0.261900 ms CreateObjectMapping: 0.160800 ms MarkObjects: 2.429900 ms  DeleteObjects: 0.128600 ms)

========================================================================
Received Prepare
Registering precompiled user dll's ...
Registered in 0.003490 seconds.
Begin MonoManager ReloadAssembly
Native extension for WindowsStandalone target not found
Refreshing native plugins compatible for Editor in 0.56 ms, found 3 plugins.
Preloading 0 native plugins for Editor in 0.00 ms.
Mono: successfully reloaded assembly
- Completed reload, in  1.203 seconds
Platform modules already initialized, skipping
Refreshing native plugins compatible for Editor in 0.52 ms, found 3 plugins.
Preloading 0 native plugins for Editor in 0.00 ms.
Unloading 2087 Unused Serialized files (Serialized files now loaded: 0)
System memory in use before: 93.7 MB.
System memory in use after: 93.7 MB.

Unloading 23 unused Assets to reduce memory usage. Loaded Objects now: 2681.
Total: 2.978100 ms (FindLiveObjects: 0.272700 ms CreateObjectMapping: 0.184900 ms MarkObjects: 2.374300 ms  DeleteObjects: 0.145200 ms)

========================================================================
Received Prepare
Registering precompiled user dll's ...
Registered in 0.004901 seconds.
Begin MonoManager ReloadAssembly
Native extension for WindowsStandalone target not found
Refreshing native plugins compatible for Editor in 0.53 ms, found 3 plugins.
Preloading 0 native plugins for Editor in 0.00 ms.
Mono: successfully reloaded assembly
- Completed reload, in  1.184 seconds
Platform modules already initialized, skipping
Refreshing native plugins compatible for Editor in 0.54 ms, found 3 plugins.
Preloading 0 native plugins for Editor in 0.00 ms.
Unloading 2087 Unused Serialized files (Serialized files now loaded: 0)
System memory in use before: 93.7 MB.
System memory in use after: 93.7 MB.

Unloading 23 unused Assets to reduce memory usage. Loaded Objects now: 2685.
Total: 2.593200 ms (FindLiveObjects: 0.216600 ms CreateObjectMapping: 0.089900 ms MarkObjects: 2.158700 ms  DeleteObjects: 0.126800 ms)

========================================================================
Received Prepare
Registering precompiled user dll's ...
Registered in 0.003502 seconds.
Begin MonoManager ReloadAssembly
Native extension for WindowsStandalone target not found
Refreshing native plugins compatible for Editor in 0.56 ms, found 3 plugins.
Preloading 0 native plugins for Editor in 0.00 ms.
Mono: successfully reloaded assembly
- Completed reload, in  1.147 seconds
Platform modules already initialized, skipping
Refreshing native plugins compatible for Editor in 0.55 ms, found 3 plugins.
Preloading 0 native plugins for Editor in 0.00 ms.
Unloading 2087 Unused Serialized files (Serialized files now loaded: 0)
System memory in use before: 93.7 MB.
System memory in use after: 93.7 MB.

Unloading 23 unused Assets to reduce memory usage. Loaded Objects now: 2689.
Total: 2.938300 ms (FindLiveObjects: 0.357400 ms CreateObjectMapping: 0.109500 ms MarkObjects: 2.338700 ms  DeleteObjects: 0.131200 ms)

========================================================================
Received Prepare
Registering precompiled user dll's ...
Registered in 0.004869 seconds.
Begin MonoManager ReloadAssembly
Native extension for WindowsStandalone target not found
Refreshing native plugins compatible for Editor in 0.52 ms, found 3 plugins.
Preloading 0 native plugins for Editor in 0.00 ms.
Mono: successfully reloaded assembly
- Completed reload, in  1.152 seconds
Platform modules already initialized, skipping
Refreshing native plugins compatible for Editor in 0.55 ms, found 3 plugins.
Preloading 0 native plugins for Editor in 0.00 ms.
Unloading 2087 Unused Serialized files (Serialized files now loaded: 0)
System memory in use before: 93.7 MB.
System memory in use after: 93.7 MB.

Unloading 23 unused Assets to reduce memory usage. Loaded Objects now: 2693.
Total: 2.675100 ms (FindLiveObjects: 0.214400 ms CreateObjectMapping: 0.094300 ms MarkObjects: 2.233000 ms  DeleteObjects: 0.132300 ms)

========================================================================
Received Prepare
Registering precompiled user dll's ...
Registered in 0.004784 seconds.
Begin MonoManager ReloadAssembly
Native extension for WindowsStandalone target not found
Refreshing native plugins compatible for Editor in 0.57 ms, found 3 plugins.
Preloading 0 native plugins for Editor in 0.00 ms.
Mono: successfully reloaded assembly
- Completed reload, in  1.169 seconds
Platform modules already initialized, skipping
Refreshing native plugins compatible for Editor in 0.50 ms, found 3 plugins.
Preloading 0 native plugins for Editor in 0.00 ms.
Unloading 2087 Unused Serialized files (Serialized files now loaded: 0)
System memory in use before: 93.7 MB.
System memory in use after: 93.7 MB.

Unloading 23 unused Assets to reduce memory usage. Loaded Objects now: 2697.
Total: 2.815600 ms (FindLiveObjects: 0.215000 ms CreateObjectMapping: 0.090800 ms MarkObjects: 2.368000 ms  DeleteObjects: 0.140400 ms)

========================================================================
Received Prepare
Registering precompiled user dll's ...
Registered in 0.004489 seconds.
Begin MonoManager ReloadAssembly
Native extension for WindowsStandalone target not found
Refreshing native plugins compatible for Editor in 0.59 ms, found 3 plugins.
Preloading 0 native plugins for Editor in 0.00 ms.
Mono: successfully reloaded assembly
- Completed reload, in  1.172 seconds
Platform modules already initialized, skipping
Refreshing native plugins compatible for Editor in 0.53 ms, found 3 plugins.
Preloading 0 native plugins for Editor in 0.00 ms.
Unloading 2087 Unused Serialized files (Serialized files now loaded: 0)
System memory in use before: 93.7 MB.
System memory in use after: 93.7 MB.

Unloading 23 unused Assets to reduce memory usage. Loaded Objects now: 2701.
Total: 2.988800 ms (FindLiveObjects: 0.215800 ms CreateObjectMapping: 0.088400 ms MarkObjects: 2.526000 ms  DeleteObjects: 0.157200 ms)

========================================================================
Received Prepare
Registering precompiled user dll's ...
Registered in 0.004805 seconds.
Begin MonoManager ReloadAssembly
Native extension for WindowsStandalone target not found
Refreshing native plugins compatible for Editor in 0.61 ms, found 3 plugins.
Preloading 0 native plugins for Editor in 0.00 ms.
Mono: successfully reloaded assembly
- Completed reload, in  1.179 seconds
Platform modules already initialized, skipping
Refreshing native plugins compatible for Editor in 0.56 ms, found 3 plugins.
Preloading 0 native plugins for Editor in 0.00 ms.
Unloading 2087 Unused Serialized files (Serialized files now loaded: 0)
System memory in use before: 93.8 MB.
System memory in use after: 93.8 MB.

Unloading 23 unused Assets to reduce memory usage. Loaded Objects now: 2705.
Total: 3.047600 ms (FindLiveObjects: 0.308500 ms CreateObjectMapping: 0.173200 ms MarkObjects: 2.393300 ms  DeleteObjects: 0.171500 ms)

========================================================================
Received Prepare
Registering precompiled user dll's ...
Registered in 0.003463 seconds.
Begin MonoManager ReloadAssembly
Native extension for WindowsStandalone target not found
Refreshing native plugins compatible for Editor in 0.54 ms, found 3 plugins.
Preloading 0 native plugins for Editor in 0.00 ms.
Mono: successfully reloaded assembly
- Completed reload, in  1.236 seconds
Platform modules already initialized, skipping
Refreshing native plugins compatible for Editor in 0.61 ms, found 3 plugins.
Preloading 0 native plugins for Editor in 0.00 ms.
Unloading 2087 Unused Serialized files (Serialized files now loaded: 0)
System memory in use before: 93.8 MB.
System memory in use after: 93.8 MB.

Unloading 23 unused Assets to reduce memory usage. Loaded Objects now: 2709.
Total: 3.465300 ms (FindLiveObjects: 0.277600 ms CreateObjectMapping: 0.168000 ms MarkObjects: 2.885000 ms  DeleteObjects: 0.133500 ms)

========================================================================
Received Prepare
Registering precompiled user dll's ...
Registered in 0.003521 seconds.
Begin MonoManager ReloadAssembly
Native extension for WindowsStandalone target not found
Refreshing native plugins compatible for Editor in 0.50 ms, found 3 plugins.
Preloading 0 native plugins for Editor in 0.00 ms.
Mono: successfully reloaded assembly
- Completed reload, in  1.191 seconds
Platform modules already initialized, skipping
Refreshing native plugins compatible for Editor in 0.54 ms, found 3 plugins.
Preloading 0 native plugins for Editor in 0.00 ms.
Unloading 2087 Unused Serialized files (Serialized files now loaded: 0)
System memory in use before: 93.9 MB.
System memory in use after: 93.9 MB.

Unloading 23 unused Assets to reduce memory usage. Loaded Objects now: 2713.
Total: 3.726700 ms (FindLiveObjects: 0.297000 ms CreateObjectMapping: 0.141600 ms MarkObjects: 3.040500 ms  DeleteObjects: 0.246000 ms)

========================================================================
Received Prepare
Registering precompiled user dll's ...
Registered in 0.004056 seconds.
Begin MonoManager ReloadAssembly
Native extension for WindowsStandalone target not found
Refreshing native plugins compatible for Editor in 0.56 ms, found 3 plugins.
Preloading 0 native plugins for Editor in 0.00 ms.
Mono: successfully reloaded assembly
- Completed reload, in  1.192 seconds
Platform modules already initialized, skipping
Refreshing native plugins compatible for Editor in 0.59 ms, found 3 plugins.
Preloading 0 native plugins for Editor in 0.00 ms.
Unloading 2087 Unused Serialized files (Serialized files now loaded: 0)
System memory in use before: 93.9 MB.
System memory in use after: 93.9 MB.

Unloading 23 unused Assets to reduce memory usage. Loaded Objects now: 2717.
Total: 3.247000 ms (FindLiveObjects: 0.458400 ms CreateObjectMapping: 0.199900 ms MarkObjects: 2.455100 ms  DeleteObjects: 0.132300 ms)

========================================================================
Received Prepare
Registering precompiled user dll's ...
Registered in 0.004440 seconds.
Begin MonoManager ReloadAssembly
Native extension for WindowsStandalone target not found
Refreshing native plugins compatible for Editor in 0.49 ms, found 3 plugins.
Preloading 0 native plugins for Editor in 0.00 ms.
Mono: successfully reloaded assembly
- Completed reload, in  1.166 seconds
Platform modules already initialized, skipping
Refreshing native plugins compatible for Editor in 0.50 ms, found 3 plugins.
Preloading 0 native plugins for Editor in 0.00 ms.
Unloading 2087 Unused Serialized files (Serialized files now loaded: 0)
System memory in use before: 93.9 MB.
System memory in use after: 93.9 MB.

Unloading 23 unused Assets to reduce memory usage. Loaded Objects now: 2721.
Total: 2.623500 ms (FindLiveObjects: 0.224100 ms CreateObjectMapping: 0.098400 ms MarkObjects: 2.154300 ms  DeleteObjects: 0.145700 ms)

========================================================================
Received Prepare
Registering precompiled user dll's ...
Registered in 0.003739 seconds.
Begin MonoManager ReloadAssembly
Native extension for WindowsStandalone target not found
Refreshing native plugins compatible for Editor in 0.55 ms, found 3 plugins.
Preloading 0 native plugins for Editor in 0.00 ms.
Mono: successfully reloaded assembly
- Completed reload, in  1.186 seconds
Platform modules already initialized, skipping
Refreshing native plugins compatible for Editor in 0.52 ms, found 3 plugins.
Preloading 0 native plugins for Editor in 0.00 ms.
Unloading 2087 Unused Serialized files (Serialized files now loaded: 0)
System memory in use before: 93.9 MB.
System memory in use after: 94.0 MB.

Unloading 23 unused Assets to reduce memory usage. Loaded Objects now: 2725.
Total: 2.750200 ms (FindLiveObjects: 0.222500 ms CreateObjectMapping: 0.097500 ms MarkObjects: 2.225200 ms  DeleteObjects: 0.204000 ms)

========================================================================
Received Prepare
Registering precompiled user dll's ...
Registered in 0.004405 seconds.
Begin MonoManager ReloadAssembly
Native extension for WindowsStandalone target not found
Refreshing native plugins compatible for Editor in 0.52 ms, found 3 plugins.
Preloading 0 native plugins for Editor in 0.00 ms.
Mono: successfully reloaded assembly
- Completed reload, in  1.177 seconds
Platform modules already initialized, skipping
Refreshing native plugins compatible for Editor in 0.52 ms, found 3 plugins.
Preloading 0 native plugins for Editor in 0.00 ms.
Unloading 2087 Unused Serialized files (Serialized files now loaded: 0)
System memory in use before: 93.9 MB.
System memory in use after: 94.0 MB.

Unloading 23 unused Assets to reduce memory usage. Loaded Objects now: 2729.
Total: 3.370200 ms (FindLiveObjects: 0.251900 ms CreateObjectMapping: 0.147600 ms MarkObjects: 2.796500 ms  DeleteObjects: 0.172800 ms)

========================================================================
Received Prepare
Registering precompiled user dll's ...
Registered in 0.003589 seconds.
Begin MonoManager ReloadAssembly
Native extension for WindowsStandalone target not found
Refreshing native plugins compatible for Editor in 0.53 ms, found 3 plugins.
Preloading 0 native plugins for Editor in 0.00 ms.
Mono: successfully reloaded assembly
- Completed reload, in  1.238 seconds
Platform modules already initialized, skipping
Refreshing native plugins compatible for Editor in 0.59 ms, found 3 plugins.
Preloading 0 native plugins for Editor in 0.00 ms.
Unloading 2087 Unused Serialized files (Serialized files now loaded: 0)
System memory in use before: 93.9 MB.
System memory in use after: 94.0 MB.

Unloading 23 unused Assets to reduce memory usage. Loaded Objects now: 2733.
Total: 2.574100 ms (FindLiveObjects: 0.224400 ms CreateObjectMapping: 0.098600 ms MarkObjects: 2.100400 ms  DeleteObjects: 0.149600 ms)

========================================================================
Received Import Request.
  Time since last request: 6337.634501 seconds.
  path: Assets/Scriptes/PlayerMover.cs
  artifactKey: Guid(28934c2073be761478f93b9c88dd7ec8) Importer(815301076,1909f56bfc062723c751e8b465ee728b)
Start importing Assets/Scriptes/PlayerMover.cs using Guid(28934c2073be761478f93b9c88dd7ec8) Importer(815301076,1909f56bfc062723c751e8b465ee728b)  -> (artifact id: 'a57d12f20f70b61b2b365b41d8f0948d') in 0.008316 seconds
  Import took 0.012684 seconds .

========================================================================
Received Import Request.
  Time since last request: 0.028005 seconds.
  path: Assets/Scriptes/PlayerMover.cs
  artifactKey: Guid(28934c2073be761478f93b9c88dd7ec8) Importer(815301076,1909f56bfc062723c751e8b465ee728b)
Start importing Assets/Scriptes/PlayerMover.cs using Guid(28934c2073be761478f93b9c88dd7ec8) Importer(815301076,1909f56bfc062723c751e8b465ee728b)  -> (artifact id: 'a57d12f20f70b61b2b365b41d8f0948d') in 0.005010 seconds
  Import took 0.009167 seconds .

========================================================================
Received Prepare
Registering precompiled user dll's ...
Registered in 0.003836 seconds.
Begin MonoManager ReloadAssembly
Native extension for WindowsStandalone target not found
Refreshing native plugins compatible for Editor in 0.55 ms, found 3 plugins.
Preloading 0 native plugins for Editor in 0.00 ms.
Mono: successfully reloaded assembly
- Completed reload, in  1.180 seconds
Platform modules already initialized, skipping
Refreshing native plugins compatible for Editor in 0.50 ms, found 3 plugins.
Preloading 0 native plugins for Editor in 0.00 ms.
Unloading 2087 Unused Serialized files (Serialized files now loaded: 0)
System memory in use before: 93.9 MB.
System memory in use after: 94.0 MB.

Unloading 23 unused Assets to reduce memory usage. Loaded Objects now: 2737.
Total: 2.643800 ms (FindLiveObjects: 0.226000 ms CreateObjectMapping: 0.119000 ms MarkObjects: 2.152900 ms  DeleteObjects: 0.144900 ms)

========================================================================
Received Import Request.
  Time since last request: 794.596560 seconds.
  path: Assets/Scriptes/PlayerMover.cs
  artifactKey: Guid(28934c2073be761478f93b9c88dd7ec8) Importer(815301076,1909f56bfc062723c751e8b465ee728b)
Start importing Assets/Scriptes/PlayerMover.cs using Guid(28934c2073be761478f93b9c88dd7ec8) Importer(815301076,1909f56bfc062723c751e8b465ee728b)  -> (artifact id: '8cb0a9bfb155fcdf7accb5b94f506172') in 0.007871 seconds
  Import took 0.012540 seconds .

========================================================================
Received Import Request.
  Time since last request: 0.041881 seconds.
  path: Assets/Scriptes/PlayerMover.cs
  artifactKey: Guid(28934c2073be761478f93b9c88dd7ec8) Importer(815301076,1909f56bfc062723c751e8b465ee728b)
Start importing Assets/Scriptes/PlayerMover.cs using Guid(28934c2073be761478f93b9c88dd7ec8) Importer(815301076,1909f56bfc062723c751e8b465ee728b)  -> (artifact id: '8cb0a9bfb155fcdf7accb5b94f506172') in 0.004844 seconds
  Import took 0.008727 seconds .

========================================================================
Received Prepare
Registering precompiled user dll's ...
Registered in 0.005438 seconds.
Begin MonoManager ReloadAssembly
Native extension for WindowsStandalone target not found
Refreshing native plugins compatible for Editor in 0.57 ms, found 3 plugins.
Preloading 0 native plugins for Editor in 0.00 ms.
Mono: successfully reloaded assembly
- Completed reload, in  1.172 seconds
Platform modules already initialized, skipping
Refreshing native plugins compatible for Editor in 0.54 ms, found 3 plugins.
Preloading 0 native plugins for Editor in 0.00 ms.
Unloading 2087 Unused Serialized files (Serialized files now loaded: 0)
System memory in use before: 93.9 MB.
System memory in use after: 94.0 MB.

Unloading 23 unused Assets to reduce memory usage. Loaded Objects now: 2741.
Total: 2.788200 ms (FindLiveObjects: 0.232500 ms CreateObjectMapping: 0.102000 ms MarkObjects: 2.320900 ms  DeleteObjects: 0.131800 ms)

========================================================================
Received Prepare
Registering precompiled user dll's ...
Registered in 0.004147 seconds.
Begin MonoManager ReloadAssembly
Native extension for WindowsStandalone target not found
Refreshing native plugins compatible for Editor in 0.56 ms, found 3 plugins.
Preloading 0 native plugins for Editor in 0.00 ms.
Mono: successfully reloaded assembly
- Completed reload, in  1.160 seconds
Platform modules already initialized, skipping
Refreshing native plugins compatible for Editor in 1.12 ms, found 3 plugins.
Preloading 0 native plugins for Editor in 0.00 ms.
Unloading 2087 Unused Serialized files (Serialized files now loaded: 0)
System memory in use before: 93.9 MB.
System memory in use after: 94.0 MB.

Unloading 23 unused Assets to reduce memory usage. Loaded Objects now: 2745.
Total: 2.665300 ms (FindLiveObjects: 0.255400 ms CreateObjectMapping: 0.124700 ms MarkObjects: 2.152800 ms  DeleteObjects: 0.131200 ms)

========================================================================
Received Prepare
Registering precompiled user dll's ...
Registered in 0.004797 seconds.
Begin MonoManager ReloadAssembly
Native extension for WindowsStandalone target not found
Refreshing native plugins compatible for Editor in 0.55 ms, found 3 plugins.
Preloading 0 native plugins for Editor in 0.00 ms.
Mono: successfully reloaded assembly
- Completed reload, in  1.239 seconds
Platform modules already initialized, skipping
Refreshing native plugins compatible for Editor in 0.52 ms, found 3 plugins.
Preloading 0 native plugins for Editor in 0.00 ms.
Unloading 2087 Unused Serialized files (Serialized files now loaded: 0)
System memory in use before: 93.9 MB.
System memory in use after: 94.0 MB.

Unloading 23 unused Assets to reduce memory usage. Loaded Objects now: 2749.
Total: 2.717700 ms (FindLiveObjects: 0.240000 ms CreateObjectMapping: 0.099900 ms MarkObjects: 2.224000 ms  DeleteObjects: 0.152200 ms)

========================================================================
Received Import Request.
  Time since last request: 82.974669 seconds.
  path: Assets/Scriptes/AlarmTrigger.cs
  artifactKey: Guid(a136d867f83c2a3469f85ad3b5b10863) Importer(815301076,1909f56bfc062723c751e8b465ee728b)
Start importing Assets/Scriptes/AlarmTrigger.cs using Guid(a136d867f83c2a3469f85ad3b5b10863) Importer(815301076,1909f56bfc062723c751e8b465ee728b)  -> (artifact id: '45bc0180d5c79ba8ea437cba5e888c54') in 0.008195 seconds
  Import took 0.014327 seconds .

========================================================================
Received Import Request.
  Time since last request: 0.027148 seconds.
  path: Assets/Scriptes/AlarmTrigger.cs
  artifactKey: Guid(a136d867f83c2a3469f85ad3b5b10863) Importer(815301076,1909f56bfc062723c751e8b465ee728b)
Start importing Assets/Scriptes/AlarmTrigger.cs using Guid(a136d867f83c2a3469f85ad3b5b10863) Importer(815301076,1909f56bfc062723c751e8b465ee728b)  -> (artifact id: '45bc0180d5c79ba8ea437cba5e888c54') in 0.007822 seconds
  Import took 0.011924 seconds .

========================================================================
Received Prepare
Registering precompiled user dll's ...
Registered in 0.003470 seconds.
Begin MonoManager ReloadAssembly
Native extension for WindowsStandalone target not found
Refreshing native plugins compatible for Editor in 0.69 ms, found 3 plugins.
Preloading 0 native plugins for Editor in 0.00 ms.
Mono: successfully reloaded assembly
- Completed reload, in  1.168 seconds
Platform modules already initialized, skipping
Refreshing native plugins compatible for Editor in 0.64 ms, found 3 plugins.
Preloading 0 native plugins for Editor in 0.00 ms.
Unloading 2087 Unused Serialized files (Serialized files now loaded: 0)
System memory in use before: 93.9 MB.
System memory in use after: 94.0 MB.

Unloading 23 unused Assets to reduce memory usage. Loaded Objects now: 2753.
Total: 2.524300 ms (FindLiveObjects: 0.233200 ms CreateObjectMapping: 0.095700 ms MarkObjects: 2.072800 ms  DeleteObjects: 0.121600 ms)

========================================================================
Received Prepare
Registering precompiled user dll's ...
Registered in 0.004487 seconds.
Begin MonoManager ReloadAssembly
Native extension for WindowsStandalone target not found
Refreshing native plugins compatible for Editor in 0.54 ms, found 3 plugins.
Preloading 0 native plugins for Editor in 0.00 ms.
Mono: successfully reloaded assembly
- Completed reload, in  1.242 seconds
Platform modules already initialized, skipping
Refreshing native plugins compatible for Editor in 0.51 ms, found 3 plugins.
Preloading 0 native plugins for Editor in 0.00 ms.
Unloading 2087 Unused Serialized files (Serialized files now loaded: 0)
System memory in use before: 93.9 MB.
System memory in use after: 94.0 MB.

Unloading 23 unused Assets to reduce memory usage. Loaded Objects now: 2757.
Total: 2.754600 ms (FindLiveObjects: 0.231700 ms CreateObjectMapping: 0.098700 ms MarkObjects: 2.175400 ms  DeleteObjects: 0.247600 ms)

========================================================================
Received Prepare
Registering precompiled user dll's ...
Registered in 0.004347 seconds.
Begin MonoManager ReloadAssembly
Native extension for WindowsStandalone target not found
Refreshing native plugins compatible for Editor in 0.59 ms, found 3 plugins.
Preloading 0 native plugins for Editor in 0.00 ms.
Mono: successfully reloaded assembly
- Completed reload, in  1.219 seconds
Platform modules already initialized, skipping
Refreshing native plugins compatible for Editor in 0.60 ms, found 3 plugins.
Preloading 0 native plugins for Editor in 0.00 ms.
Unloading 2087 Unused Serialized files (Serialized files now loaded: 0)
System memory in use before: 93.9 MB.
System memory in use after: 94.0 MB.

Unloading 23 unused Assets to reduce memory usage. Loaded Objects now: 2761.
Total: 3.327900 ms (FindLiveObjects: 0.252200 ms CreateObjectMapping: 0.104400 ms MarkObjects: 2.840400 ms  DeleteObjects: 0.129600 ms)

========================================================================
Received Prepare
Registering precompiled user dll's ...
Registered in 0.003397 seconds.
Begin MonoManager ReloadAssembly
Native extension for WindowsStandalone target not found
Refreshing native plugins compatible for Editor in 0.51 ms, found 3 plugins.
Preloading 0 native plugins for Editor in 0.00 ms.
Mono: successfully reloaded assembly
- Completed reload, in  1.174 seconds
Platform modules already initialized, skipping
Refreshing native plugins compatible for Editor in 0.56 ms, found 3 plugins.
Preloading 0 native plugins for Editor in 0.00 ms.
Unloading 2087 Unused Serialized files (Serialized files now loaded: 0)
System memory in use before: 94.0 MB.
System memory in use after: 94.0 MB.

Unloading 23 unused Assets to reduce memory usage. Loaded Objects now: 2765.
Total: 2.704200 ms (FindLiveObjects: 0.234100 ms CreateObjectMapping: 0.134400 ms MarkObjects: 2.204500 ms  DeleteObjects: 0.130200 ms)

========================================================================
Received Prepare
Registering precompiled user dll's ...
Registered in 0.003998 seconds.
Begin MonoManager ReloadAssembly
Native extension for WindowsStandalone target not found
Refreshing native plugins compatible for Editor in 0.57 ms, found 3 plugins.
Preloading 0 native plugins for Editor in 0.00 ms.
Mono: successfully reloaded assembly
- Completed reload, in  1.149 seconds
Platform modules already initialized, skipping
Refreshing native plugins compatible for Editor in 0.54 ms, found 3 plugins.
Preloading 0 native plugins for Editor in 0.00 ms.
Unloading 2087 Unused Serialized files (Serialized files now loaded: 0)
System memory in use before: 94.0 MB.
System memory in use after: 94.0 MB.

Unloading 23 unused Assets to reduce memory usage. Loaded Objects now: 2769.
Total: 2.583200 ms (FindLiveObjects: 0.237000 ms CreateObjectMapping: 0.119800 ms MarkObjects: 2.105800 ms  DeleteObjects: 0.119300 ms)

========================================================================
Received Prepare
Registering precompiled user dll's ...
Registered in 0.004541 seconds.
Begin MonoManager ReloadAssembly
Native extension for WindowsStandalone target not found
Refreshing native plugins compatible for Editor in 0.52 ms, found 3 plugins.
Preloading 0 native plugins for Editor in 0.00 ms.
Mono: successfully reloaded assembly
- Completed reload, in  1.164 seconds
Platform modules already initialized, skipping
Refreshing native plugins compatible for Editor in 0.51 ms, found 3 plugins.
Preloading 0 native plugins for Editor in 0.00 ms.
Unloading 2087 Unused Serialized files (Serialized files now loaded: 0)
System memory in use before: 94.0 MB.
System memory in use after: 94.1 MB.

Unloading 23 unused Assets to reduce memory usage. Loaded Objects now: 2773.
Total: 2.910200 ms (FindLiveObjects: 0.234600 ms CreateObjectMapping: 0.098000 ms MarkObjects: 2.434000 ms  DeleteObjects: 0.142100 ms)

========================================================================
Received Prepare
Registering precompiled user dll's ...
Registered in 0.003639 seconds.
Begin MonoManager ReloadAssembly
Native extension for WindowsStandalone target not found
Refreshing native plugins compatible for Editor in 0.68 ms, found 3 plugins.
Preloading 0 native plugins for Editor in 0.00 ms.
Mono: successfully reloaded assembly
- Completed reload, in  1.203 seconds
Platform modules already initialized, skipping
Refreshing native plugins compatible for Editor in 0.64 ms, found 3 plugins.
Preloading 0 native plugins for Editor in 0.00 ms.
Unloading 2087 Unused Serialized files (Serialized files now loaded: 0)
System memory in use before: 94.0 MB.
System memory in use after: 94.1 MB.

Unloading 23 unused Assets to reduce memory usage. Loaded Objects now: 2777.
Total: 2.883600 ms (FindLiveObjects: 0.225900 ms CreateObjectMapping: 0.097800 ms MarkObjects: 2.371200 ms  DeleteObjects: 0.187500 ms)

========================================================================
Received Prepare
Registering precompiled user dll's ...
Registered in 0.003495 seconds.
Begin MonoManager ReloadAssembly
Native extension for WindowsStandalone target not found
Refreshing native plugins compatible for Editor in 0.53 ms, found 3 plugins.
Preloading 0 native plugins for Editor in 0.00 ms.
Mono: successfully reloaded assembly
- Completed reload, in  1.208 seconds
Platform modules already initialized, skipping
Refreshing native plugins compatible for Editor in 0.53 ms, found 3 plugins.
Preloading 0 native plugins for Editor in 0.00 ms.
Unloading 2087 Unused Serialized files (Serialized files now loaded: 0)
System memory in use before: 94.0 MB.
System memory in use after: 94.1 MB.

Unloading 23 unused Assets to reduce memory usage. Loaded Objects now: 2781.
Total: 2.675500 ms (FindLiveObjects: 0.232900 ms CreateObjectMapping: 0.099000 ms MarkObjects: 2.216200 ms  DeleteObjects: 0.126200 ms)

========================================================================
Received Prepare
Registering precompiled user dll's ...
Registered in 0.004134 seconds.
Begin MonoManager ReloadAssembly
Native extension for WindowsStandalone target not found
Refreshing native plugins compatible for Editor in 0.49 ms, found 3 plugins.
Preloading 0 native plugins for Editor in 0.00 ms.
Mono: successfully reloaded assembly
- Completed reload, in  1.190 seconds
Platform modules already initialized, skipping
Refreshing native plugins compatible for Editor in 0.49 ms, found 3 plugins.
Preloading 0 native plugins for Editor in 0.00 ms.
Unloading 2087 Unused Serialized files (Serialized files now loaded: 0)
System memory in use before: 94.0 MB.
System memory in use after: 94.1 MB.

Unloading 23 unused Assets to reduce memory usage. Loaded Objects now: 2785.
Total: 2.557700 ms (FindLiveObjects: 0.238300 ms CreateObjectMapping: 0.097900 ms MarkObjects: 2.101700 ms  DeleteObjects: 0.118400 ms)

========================================================================
Received Prepare
Registering precompiled user dll's ...
Registered in 0.003621 seconds.
Begin MonoManager ReloadAssembly
Native extension for WindowsStandalone target not found
Refreshing native plugins compatible for Editor in 0.52 ms, found 3 plugins.
Preloading 0 native plugins for Editor in 0.00 ms.
Mono: successfully reloaded assembly
- Completed reload, in  1.202 seconds
Platform modules already initialized, skipping
Refreshing native plugins compatible for Editor in 0.58 ms, found 3 plugins.
Preloading 0 native plugins for Editor in 0.00 ms.
Unloading 2087 Unused Serialized files (Serialized files now loaded: 0)
System memory in use before: 94.0 MB.
System memory in use after: 94.1 MB.

Unloading 23 unused Assets to reduce memory usage. Loaded Objects now: 2789.
Total: 3.148600 ms (FindLiveObjects: 0.567500 ms CreateObjectMapping: 0.119900 ms MarkObjects: 2.336100 ms  DeleteObjects: 0.123900 ms)

========================================================================
Received Prepare
Registering precompiled user dll's ...
Registered in 0.003520 seconds.
Begin MonoManager ReloadAssembly
Native extension for WindowsStandalone target not found
Refreshing native plugins compatible for Editor in 0.50 ms, found 3 plugins.
Preloading 0 native plugins for Editor in 0.00 ms.
Mono: successfully reloaded assembly
- Completed reload, in  1.175 seconds
Platform modules already initialized, skipping
Refreshing native plugins compatible for Editor in 0.55 ms, found 3 plugins.
Preloading 0 native plugins for Editor in 0.00 ms.
Unloading 2087 Unused Serialized files (Serialized files now loaded: 0)
System memory in use before: 94.0 MB.
System memory in use after: 94.1 MB.

Unloading 23 unused Assets to reduce memory usage. Loaded Objects now: 2793.
Total: 2.928500 ms (FindLiveObjects: 0.290800 ms CreateObjectMapping: 0.100200 ms MarkObjects: 2.404700 ms  DeleteObjects: 0.131500 ms)

========================================================================
Received Prepare
Registering precompiled user dll's ...
Registered in 0.003770 seconds.
Begin MonoManager ReloadAssembly
Native extension for WindowsStandalone target not found
Refreshing native plugins compatible for Editor in 0.49 ms, found 3 plugins.
Preloading 0 native plugins for Editor in 0.00 ms.
Mono: successfully reloaded assembly
- Completed reload, in  1.171 seconds
Platform modules already initialized, skipping
Refreshing native plugins compatible for Editor in 0.53 ms, found 3 plugins.
Preloading 0 native plugins for Editor in 0.00 ms.
Unloading 2087 Unused Serialized files (Serialized files now loaded: 0)
System memory in use before: 94.0 MB.
System memory in use after: 94.1 MB.

Unloading 23 unused Assets to reduce memory usage. Loaded Objects now: 2797.
Total: 2.781800 ms (FindLiveObjects: 0.235100 ms CreateObjectMapping: 0.101700 ms MarkObjects: 2.314400 ms  DeleteObjects: 0.129600 ms)

AssetImportWorkerClient::OnTransportError - code=2 error=End of file
